2025-12-05 14:35:14,129 | tdata_convert | 8487464702 | table sessions already exists
2025-12-05 14:35:16,187 | tdata_convert | 8506025996 | table sessions already exists
2025-12-05 14:35:17,760 | tdata_convert | 8571871939 | table sessions already exists
2025-12-05 14:35:19,460 | tdata_convert | 8026689606 | table sessions already exists
2025-12-05 14:35:21,126 | tdata_convert | 8577741910 | table sessions already exists
2025-12-05 14:35:22,968 | tdata_convert | 8476978728 | table sessions already exists
2025-12-05 14:35:24,882 | tdata_convert | 8362718227 | table sessions already exists
2025-12-05 14:35:26,522 | tdata_convert | 8174891309 | table sessions already exists
2025-12-05 14:35:28,158 | tdata_convert | 8062421747 | table sessions already exists
2025-12-05 14:37:55,313 | tdata_convert | 8487464702 | Session already exists: 14478100982
2025-12-05 14:37:56,996 | tdata_convert | 8506025996 | Session already exists: 14479103294
2025-12-05 14:44:14,517 | tdata_convert | 8487464702 | Session already exists: 14478100982
2025-12-05 14:44:16,199 | tdata_convert | 8506025996 | Session already exists: 14479103294
2025-12-05 14:45:46,865 | tdata_convert | 8487464702 | Session already exists: 14478100982
Traceback (most recent call last):
  File "/Users/fyodorlukashov/Music/tg_reacter/main.py", line 111, in auto_convert_tdata
    session_file, json_file, metadata = await converter.convert(
                                        ^^^^^^^^^^^^^^^^^^^^^^^^
    ...<3 lines>...
    )
    ^
  File "/Users/fyodorlukashov/Music/tg_reacter/src/tdata_converter.py", line 100, in convert
    raise ValueError(f"Session already exists: {phone_clean}")
ValueError: Session already exists: 14478100982

2025-12-05 14:45:48,441 | tdata_convert | 8506025996 | Session already exists: 14479103294
Traceback (most recent call last):
  File "/Users/fyodorlukashov/Music/tg_reacter/main.py", line 111, in auto_convert_tdata
    session_file, json_file, metadata = await converter.convert(
                                        ^^^^^^^^^^^^^^^^^^^^^^^^
    ...<3 lines>...
    )
    ^
  File "/Users/fyodorlukashov/Music/tg_reacter/src/tdata_converter.py", line 100, in convert
    raise ValueError(f"Session already exists: {phone_clean}")
ValueError: Session already exists: 14479103294

2025-12-05 14:45:50,197 | tdata_convert | 8571871939 | Session already exists: 14475744437
Traceback (most recent call last):
  File "/Users/fyodorlukashov/Music/tg_reacter/main.py", line 111, in auto_convert_tdata
    session_file, json_file, metadata = await converter.convert(
                                        ^^^^^^^^^^^^^^^^^^^^^^^^
    ...<3 lines>...
    )
    ^
  File "/Users/fyodorlukashov/Music/tg_reacter/src/tdata_converter.py", line 100, in convert
    raise ValueError(f"Session already exists: {phone_clean}")
ValueError: Session already exists: 14475744437

2025-12-05 14:48:54,495 | reaction | 14474652632 | The specified message ID is invalid or you can't do that operation on such message (caused by SendReactionRequest)
2025-12-05 14:54:27,206 | reaction | 14474652632 | The specified message ID is invalid or you can't do that operation on such message (caused by SendReactionRequest)
2025-12-05 14:55:34,803 | reaction | 14474652632 | The specified message ID is invalid or you can't do that operation on such message (caused by SendReactionRequest)
